[0.000000] (-) TimerEvent: {}
[0.001149] (my_project) JobQueued: {'identifier': 'my_project', 'dependencies': OrderedDict()}
[0.001341] (my_project) JobStarted: {'identifier': 'my_project'}
[0.017984] (my_project) JobProgress: {'identifier': 'my_project', 'progress': 'cmake'}
[0.018811] (my_project) Command: {'cmd': ['/usr/bin/cmake', '/home/wedman/Documents/newmir/ros2_ws/src/my_project', '-DCMAKE_INSTALL_PREFIX=/home/wedman/Documents/newmir/ros2_ws/src/my_project/install/my_project'], 'cwd': '/home/wedman/Documents/newmir/ros2_ws/src/my_project/build/my_project', 'env': OrderedDict([('LESSOPEN', '| /usr/bin/lesspipe %s'), ('LANGUAGE', 'en_US:en'), ('USER', 'wedman'), ('LC_TIME', 'en_GB.UTF-8'), ('XDG_SESSION_TYPE', 'wayland'), ('SHLVL', '1'), ('LD_LIBRARY_PATH', '/usr/lib/x86_64-linux-gnu/gazebo-11/plugins:/opt/ros/humble/opt/rviz_ogre_vendor/lib:/opt/ros/humble/lib/x86_64-linux-gnu:/opt/ros/humble/lib'), ('HOME', '/home/wedman'), ('OLDPWD', '/home/wedman/Documents/newmir'), ('DESKTOP_SESSION', 'ubuntu'), ('NVM_BIN', '/home/wedman/.nvm/versions/node/v22.1.0/bin'), ('NVM_INC', '/home/wedman/.nvm/versions/node/v22.1.0/include/node'), ('ROS_PYTHON_VERSION', '3'), ('GNOME_SHELL_SESSION_MODE', 'ubuntu'), ('GTK_MODULES', 'gail:atk-bridge'), ('LC_MONETARY', 'en_GB.UTF-8'), ('SYSTEMD_EXEC_PID', '5423'), ('DBUS_SESSION_BUS_ADDRESS', 'unix:path=/run/user/1001/bus'), ('COLORTERM', 'truecolor'), ('NVM_DIR', '/home/wedman/.nvm'), ('IM_CONFIG_PHASE', '1'), ('WAYLAND_DISPLAY', 'wayland-0'), ('COLCON_PREFIX_PATH', '/home/wedman/Documents/newmir/ros2_ws/install:/home/wedman/ros2_ws/install:/home/wedman/telecontrol_ws/install'), ('ROS_DISTRO', 'humble'), ('LOGNAME', 'wedman'), ('_', '/home/wedman/.local/bin/colcon'), ('ROS_VERSION', '2'), ('XDG_SESSION_CLASS', 'user'), ('USERNAME', 'wedman'), ('TERM', 'xterm-256color'), ('GAZEBO_MODEL_PATH', ':/opt/ros/humble/share/turtlebot3_gazebo/models'), ('GNOME_DESKTOP_SESSION_ID', 'this-is-deprecated'), ('DOTNET_ROOT', '/usr/share/dotnet'), ('ROS_LOCALHOST_ONLY', '0'), ('PATH', '/home/wedman/.nvm/versions/node/v22.1.0/bin:/opt/ros/humble/bin:/home/wedman/.local/bin:/usr/local/sbin:/usr/local/bin:/usr/sbin:/usr/bin:/sbin:/bin:/usr/games:/usr/local/games:/snap/bin:/snap/bin:/home/wedman/.dotnet/tools:/usr/share/dotnet'), ('SESSION_MANAGER', 'local/adriantom9:@/tmp/.ICE-unix/1396,unix/adriantom9:/tmp/.ICE-unix/1396'), ('PAPERSIZE', 'a4'), ('XDG_MENU_PREFIX', 'gnome-'), ('LC_ADDRESS', 'en_GB.UTF-8'), ('GNOME_TERMINAL_SCREEN', '/org/gnome/Terminal/screen/44b900f6_491c_40ac_8217_7c495e0f6400'), ('GNOME_SETUP_DISPLAY', ':1'), ('XDG_RUNTIME_DIR', '/run/user/1001'), ('DISPLAY', ':0'), ('LANG', 'en_US.UTF-8'), ('XDG_CURRENT_DESKTOP', 'ubuntu:GNOME'), ('LC_TELEPHONE', 'en_GB.UTF-8'), ('RMW_IMPLEMENTATION', 'rmw_fastrtps_cpp'), ('XMODIFIERS', '@im=ibus'), ('XDG_SESSION_DESKTOP', 'ubuntu'), ('XAUTHORITY', '/run/user/1001/.mutter-Xwaylandauth.M9V4R2'), ('LS_COLORS', 'rs=0:di=01;34:ln=01;36:mh=00:pi=40;33:so=01;35:do=01;35:bd=40;33;01:cd=40;33;01:or=40;31;01:mi=00:su=37;41:sg=30;43:ca=30;41:tw=30;42:ow=34;42:st=37;44:ex=01;32:*.tar=01;31:*.tgz=01;31:*.arc=01;31:*.arj=01;31:*.taz=01;31:*.lha=01;31:*.lz4=01;31:*.lzh=01;31:*.lzma=01;31:*.tlz=01;31:*.txz=01;31:*.tzo=01;31:*.t7z=01;31:*.zip=01;31:*.z=01;31:*.dz=01;31:*.gz=01;31:*.lrz=01;31:*.lz=01;31:*.lzo=01;31:*.xz=01;31:*.zst=01;31:*.tzst=01;31:*.bz2=01;31:*.bz=01;31:*.tbz=01;31:*.tbz2=01;31:*.tz=01;31:*.deb=01;31:*.rpm=01;31:*.jar=01;31:*.war=01;31:*.ear=01;31:*.sar=01;31:*.rar=01;31:*.alz=01;31:*.ace=01;31:*.zoo=01;31:*.cpio=01;31:*.7z=01;31:*.rz=01;31:*.cab=01;31:*.wim=01;31:*.swm=01;31:*.dwm=01;31:*.esd=01;31:*.jpg=01;35:*.jpeg=01;35:*.mjpg=01;35:*.mjpeg=01;35:*.gif=01;35:*.bmp=01;35:*.pbm=01;35:*.pgm=01;35:*.ppm=01;35:*.tga=01;35:*.xbm=01;35:*.xpm=01;35:*.tif=01;35:*.tiff=01;35:*.png=01;35:*.svg=01;35:*.svgz=01;35:*.mng=01;35:*.pcx=01;35:*.mov=01;35:*.mpg=01;35:*.mpeg=01;35:*.m2v=01;35:*.mkv=01;35:*.webm=01;35:*.webp=01;35:*.ogm=01;35:*.mp4=01;35:*.m4v=01;35:*.mp4v=01;35:*.vob=01;35:*.qt=01;35:*.nuv=01;35:*.wmv=01;35:*.asf=01;35:*.rm=01;35:*.rmvb=01;35:*.flc=01;35:*.avi=01;35:*.fli=01;35:*.flv=01;35:*.gl=01;35:*.dl=01;35:*.xcf=01;35:*.xwd=01;35:*.yuv=01;35:*.cgm=01;35:*.emf=01;35:*.ogv=01;35:*.ogx=01;35:*.aac=00;36:*.au=00;36:*.flac=00;36:*.m4a=00;36:*.mid=00;36:*.midi=00;36:*.mka=00;36:*.mp3=00;36:*.mpc=00;36:*.ogg=00;36:*.ra=00;36:*.wav=00;36:*.oga=00;36:*.opus=00;36:*.spx=00;36:*.xspf=00;36:'), ('GNOME_TERMINAL_SERVICE', ':1.131'), ('SSH_AGENT_LAUNCHER', 'gnome-keyring'), ('SSH_AUTH_SOCK', '/run/user/1001/keyring/ssh'), ('AMENT_PREFIX_PATH', '/home/wedman/Documents/newmir/ros2_ws/install/my_project:/home/wedman/ros2_ws/install/nav2_costmap_filters_demo:/home/wedman/telecontrol_ws/install/telecontrol:/opt/ros/humble'), ('SHELL', '/bin/bash'), ('LC_NAME', 'en_GB.UTF-8'), ('QT_ACCESSIBILITY', '1'), ('GDMSESSION', 'ubuntu'), ('LESSCLOSE', '/usr/bin/lesspipe %s %s'), ('LC_MEASUREMENT', 'en_GB.UTF-8'), ('LC_IDENTIFICATION', 'en_GB.UTF-8'), ('QT_IM_MODULE', 'ibus'), ('PWD', '/home/wedman/Documents/newmir/ros2_ws/src/my_project/build/my_project'), ('TURTLEBOT3_MODEL', 'waffle'), ('LC_ALL', 'en_US.UTF-8'), ('XDG_CONFIG_DIRS', '/etc/xdg/xdg-ubuntu:/etc/xdg'), ('NVM_CD_FLAGS', ''), ('XDG_DATA_DIRS', '/usr/share/ubuntu:/usr/local/share/:/usr/share/:/var/lib/snapd/desktop'), ('PYTHONPATH', '/opt/ros/humble/lib/python3.10/site-packages:/opt/ros/humble/local/lib/python3.10/dist-packages'), ('LC_NUMERIC', 'en_GB.UTF-8'), ('LC_PAPER', 'en_GB.UTF-8'), ('COLCON', '1'), ('VTE_VERSION', '6800'), ('CMAKE_PREFIX_PATH', '/home/wedman/Documents/newmir/ros2_ws/install/my_project:/home/wedman/ros2_ws/install/nav2_costmap_filters_demo:/home/wedman/telecontrol_ws/install/telecontrol:/opt/ros/humble')]), 'shell': False}
[0.099570] (-) TimerEvent: {}
[0.159235] (my_project) StdoutLine: {'line': b'-- The C compiler identification is GNU 11.4.0\n'}
[0.199688] (-) TimerEvent: {}
[0.291530] (my_project) StdoutLine: {'line': b'-- The CXX compiler identification is GNU 11.4.0\n'}
[0.299896] (-) TimerEvent: {}
[0.306863] (my_project) StdoutLine: {'line': b'-- Detecting C compiler ABI info\n'}
[0.400007] (-) TimerEvent: {}
[0.409764] (my_project) StdoutLine: {'line': b'-- Detecting C compiler ABI info - done\n'}
[0.419418] (my_project) StdoutLine: {'line': b'-- Check for working C compiler: /usr/bin/cc - skipped\n'}
[0.420211] (my_project) StdoutLine: {'line': b'-- Detecting C compile features\n'}
[0.421177] (my_project) StdoutLine: {'line': b'-- Detecting C compile features - done\n'}
[0.426416] (my_project) StdoutLine: {'line': b'-- Detecting CXX compiler ABI info\n'}
[0.436985] (my_project) CommandEnded: {'returncode': -2}
[0.440917] (my_project) StderrLine: {'line': b'Traceback (most recent call last):\n  File "/home/wedman/.local/lib/python3.10/site-packages/colcon_parallel_executor/executor/parallel.py", line 75, in execute\n    loop.run_until_complete(future)\n  File "/usr/lib/python3.10/asyncio/base_events.py", line 636, in run_until_complete\n    self.run_forever()\n  File "/usr/lib/python3.10/asyncio/base_events.py", line 603, in run_forever\n    self._run_once()\n  File "/usr/lib/python3.10/asyncio/base_events.py", line 1871, in _run_once\n    event_list = self._selector.select(timeout)\n  File "/usr/lib/python3.10/selectors.py", line 469, in select\n    fd_event_list = self._selector.poll(timeout, max_ev)\nKeyboardInterrupt\n\nDuring handling of the above exception, another exception occurred:\n\nTraceback (most recent call last):\n  File "/home/wedman/.local/lib/python3.10/site-packages/colcon_core/executor/__init__.py", line 91, in __call__\n    rc = await self.task(*args, **kwargs)\n  File "/home/wedman/.local/lib/python3.10/site-packages/colcon_core/task/__init__.py", line 93, in __call__\n    return await task_method(*args, **kwargs)\n  File "/home/wedman/.local/lib/python3.10/site-packages/colcon_ros/task/ament_cmake/build.py", line 59, in build\n    rc = await extension.build(\n  File "/home/wedman/.local/lib/python3.10/site-packages/colcon_cmake/task/cmake/build.py", line 87, in build\n    rc = await self._reconfigure(args, env)\n  File "/home/wedman/.local/lib/python3.10/site-packages/colcon_cmake/task/cmake/build.py", line 182, in _reconfigure\n    buildfile = get_buildfile(cmake_cache)\n  File "/home/wedman/.local/lib/python3.10/site-packages/colcon_cmake/task/cmake/__init__.py", line 114, in get_buildfile\n    if \'Visual Studio\' in generator:\nTypeError: argument of type \'NoneType\' is not iterable\n'}
[0.441410] (my_project) JobEnded: {'identifier': 'my_project', 'rc': 'SIGINT'}
[0.452039] (-) EventReactorShutdown: {}
